Perrinder/app/build/intermediates/manifest_merge_blame_file/debug/manifest-merger-blame-debug-report.txt
1<?xml version="1.0" encoding="utf-8"?>
2<manifest xmlns:android="http://schemas.android.com/apk/res/android"
3    package="com.example.perrinder"
4    android:versionCode="1"
5    android:versionName="1.0" >
6
7    <uses-sdk
8        android:minSdkVersion="15"
8-->src\main\AndroidManifest.xml
9        android:targetSdkVersion="29" />
9-->src\main\AndroidManifest.xml
10
11    <!--
12         The ACCESS_COARSE/FINE_LOCATION permissions are not required to use
13         Google Maps Android API v2, but you must specify either coarse or fine
14         location permissions for the 'MyLocation' functionality.
15    -->
16    <uses-permission android:name="android.permission.ACCESS_FINE_LOCATION" />
16-->src\main\AndroidManifest.xml:10:5-79
16-->src\main\AndroidManifest.xml:10:22-76
17
18    <!-- Include required permissions for Google Maps API to run. -->
19    <uses-permission android:name="android.permission.ACCESS_NETWORK_STATE" />
19-->[com.google.android.gms:play-services-maps:16.1.0] AndroidManifest.xml:23:5-79
19-->[com.google.android.gms:play-services-maps:16.1.0] AndroidManifest.xml:23:22-76
20    <uses-permission android:name="android.permission.INTERNET" />
20-->[com.google.android.gms:play-services-maps:16.1.0] AndroidManifest.xml:24:5-67
20-->[com.google.android.gms:play-services-maps:16.1.0] AndroidManifest.xml:24:22-64
21
22    <uses-feature
22-->[com.google.android.gms:play-services-maps:16.1.0] AndroidManifest.xml:26:5-28:35
23        android:glEsVersion="0x00020000"
23-->[com.google.android.gms:play-services-maps:16.1.0] AndroidManifest.xml:27:9-41
24        android:required="true" />
24-->[com.google.android.gms:play-services-maps:16.1.0] AndroidManifest.xml:28:9-32
25
26    <application
26-->src\main\AndroidManifest.xml:12:5-47:19
27        android:allowBackup="true"
27-->src\main\AndroidManifest.xml:13:9-35
28        android:appComponentFactory="androidx.core.app.CoreComponentFactory"
28-->[androidx.core:core:1.0.1] AndroidManifest.xml:22:18-86
29        android:debuggable="true"
30        android:icon="@mipmap/ic_launcher"
30-->src\main\AndroidManifest.xml:14:9-43
31        android:label="@string/app_name"
31-->src\main\AndroidManifest.xml:15:9-41
32        android:roundIcon="@mipmap/ic_launcher_round"
32-->src\main\AndroidManifest.xml:16:9-54
33        android:supportsRtl="true"
33-->src\main\AndroidManifest.xml:17:9-35
34        android:theme="@style/AppTheme" >
34-->src\main\AndroidManifest.xml:18:9-40
35
36        <!--
37             The API key for Google Maps-based APIs is defined as a string resource.
38             (See the file "res/values/google_maps_api.xml").
39             Note that the API key is linked to the encryption key used to sign the APK.
40             You need a different API key for each encryption key, including the release key that is used to
41             sign the APK for publishing.
42             You can define the keys for the debug and release targets in src/debug/ and src/release/.
43        -->
44        <meta-data
44-->src\main\AndroidManifest.xml:28:9-30:55
45            android:name="com.google.android.geo.API_KEY"
45-->src\main\AndroidManifest.xml:29:13-58
46            android:value="@string/google_maps_key" />
46-->src\main\AndroidManifest.xml:30:13-52
47
48        <activity
48-->src\main\AndroidManifest.xml:32:9-34:68
49            android:name="com.example.perrinder.Mapa"
49-->src\main\AndroidManifest.xml:33:13-33
50            android:label="@string/title_activity_mapa" />
50-->src\main\AndroidManifest.xml:34:13-56
51        <activity android:name="com.example.perrinder.ConfrimacionCorreo" />
51-->src\main\AndroidManifest.xml:35:9-56
51-->src\main\AndroidManifest.xml:35:19-53
52        <activity android:name="com.example.perrinder.Registro" />
52-->src\main\AndroidManifest.xml:36:9-46
52-->src\main\AndroidManifest.xml:36:19-43
53        <activity
53-->src\main\AndroidManifest.xml:37:9-39:73
54            android:name="com.example.perrinder.PantallaPrincipal"
54-->src\main\AndroidManifest.xml:38:13-46
55            android:label="@string/title_activity_pantalla_principal" />
55-->src\main\AndroidManifest.xml:39:13-70
56        <activity android:name="com.example.perrinder.Login" >
56-->src\main\AndroidManifest.xml:40:9-46:20
56-->src\main\AndroidManifest.xml:40:19-40
57            <intent-filter>
57-->src\main\AndroidManifest.xml:41:13-45:29
58                <action android:name="android.intent.action.MAIN" />
58-->src\main\AndroidManifest.xml:42:17-69
58-->src\main\AndroidManifest.xml:42:25-66
59
60                <category android:name="android.intent.category.LAUNCHER" />
60-->src\main\AndroidManifest.xml:44:17-77
60-->src\main\AndroidManifest.xml:44:27-74
61            </intent-filter>
62        </activity>
63        <!-- Needs to be explicitly declared on P+ -->
64        <uses-library
64-->[com.google.android.gms:play-services-maps:16.1.0] AndroidManifest.xml:33:9-35:40
65            android:name="org.apache.http.legacy"
65-->[com.google.android.gms:play-services-maps:16.1.0] AndroidManifest.xml:34:13-50
66            android:required="false" />
66-->[com.google.android.gms:play-services-maps:16.1.0] AndroidManifest.xml:35:13-37
67
68        <activity
68-->[com.google.android.gms:play-services-base:16.0.1] AndroidManifest.xml:23:9-26:75
69            android:name="com.google.android.gms.common.api.GoogleApiActivity"
69-->[com.google.android.gms:play-services-base:16.0.1] AndroidManifest.xml:24:13-79
70            android:exported="false"
70-->[com.google.android.gms:play-services-base:16.0.1] AndroidManifest.xml:25:13-37
71            android:theme="@android:style/Theme.Translucent.NoTitleBar" />
71-->[com.google.android.gms:play-services-base:16.0.1] AndroidManifest.xml:26:13-72
72
73        <meta-data
73-->[com.google.android.gms:play-services-basement:16.0.1] AndroidManifest.xml:23:9-25:69
74            android:name="com.google.android.gms.version"
74-->[com.google.android.gms:play-services-basement:16.0.1] AndroidManifest.xml:24:13-58
75            android:value="@integer/google_play_services_version" />
75-->[com.google.android.gms:play-services-basement:16.0.1] AndroidManifest.xml:25:13-66
76
77        <provider
77-->[androidx.lifecycle:lifecycle-process:2.0.0] AndroidManifest.xml:23:9-27:43
78            android:name="androidx.lifecycle.ProcessLifecycleOwnerInitializer"
78-->[androidx.lifecycle:lifecycle-process:2.0.0] AndroidManifest.xml:24:13-79
79            android:authorities="com.example.perrinder.lifecycle-process"
79-->[androidx.lifecycle:lifecycle-process:2.0.0] AndroidManifest.xml:25:13-69
80            android:exported="false"
80-->[androidx.lifecycle:lifecycle-process:2.0.0] AndroidManifest.xml:26:13-37
81            android:multiprocess="true" />
81-->[androidx.lifecycle:lifecycle-process:2.0.0] AndroidManifest.xml:27:13-40
82    </application>
83
84</manifest>